0 info it worked if it ends with ok
1 verbose cli [ '/usr/bin/nodejs',
1 verbose cli   '/usr/bin/npm',
1 verbose cli   'install',
1 verbose cli   'fsevents',
1 verbose cli   '--global' ]
2 info using npm@1.4.21
3 info using node@v0.10.29
4 verbose cache add [ 'fsevents', null ]
5 verbose cache add name=undefined spec="fsevents" args=["fsevents",null]
6 verbose parsed url { protocol: null,
6 verbose parsed url   slashes: null,
6 verbose parsed url   auth: null,
6 verbose parsed url   host: null,
6 verbose parsed url   port: null,
6 verbose parsed url   hostname: null,
6 verbose parsed url   hash: null,
6 verbose parsed url   search: null,
6 verbose parsed url   query: null,
6 verbose parsed url   pathname: 'fsevents',
6 verbose parsed url   path: 'fsevents',
6 verbose parsed url   href: 'fsevents' }
7 silly lockFile b72a3cea-fsevents fsevents
8 verbose lock fsevents /root/.npm/b72a3cea-fsevents.lock
9 silly lockFile b72a3cea-fsevents fsevents
10 silly lockFile b72a3cea-fsevents fsevents
11 verbose addNamed [ 'fsevents', '' ]
12 verbose addNamed [ null, '*' ]
13 silly lockFile 436f77be-fsevents fsevents@
14 verbose lock fsevents@ /root/.npm/436f77be-fsevents.lock
15 silly addNameRange { name: 'fsevents', range: '*', hasData: false }
16 verbose request where is /fsevents
17 verbose request registry https://registry.npmjs.org/
18 verbose request id 4e3372581e80708c
19 verbose url raw /fsevents
20 verbose url resolving [ 'https://registry.npmjs.org/', './fsevents' ]
21 verbose url resolved https://registry.npmjs.org/fsevents
22 verbose request where is https://registry.npmjs.org/fsevents
23 info trying registry request attempt 1 at 20:51:38
24 verbose etag W/"58cbe1d5-d5e6"
25 http GET https://registry.npmjs.org/fsevents
26 http 304 https://registry.npmjs.org/fsevents
27 silly registry.get cb [ 304,
27 silly registry.get   { date: 'Mon, 20 Mar 2017 19:51:39 GMT',
27 silly registry.get     via: '1.1 varnish',
27 silly registry.get     'cache-control': 'max-age=300',
27 silly registry.get     etag: 'W/"58cbe1d5-d5e6"',
27 silly registry.get     age: '77',
27 silly registry.get     connection: 'keep-alive',
27 silly registry.get     'x-served-by': 'cache-hhn1537-HHN',
27 silly registry.get     'x-cache': 'HIT',
27 silly registry.get     'x-cache-hits': '5',
27 silly registry.get     'x-timer': 'S1490039499.210956,VS0,VE0',
27 silly registry.get     vary: 'Accept-Encoding' } ]
28 verbose etag https://registry.npmjs.org/fsevents from cache
29 silly addNameRange number 2 { name: 'fsevents', range: '*', hasData: true }
30 silly addNameRange versions [ 'fsevents',
30 silly addNameRange   [ '0.1.1',
30 silly addNameRange     '0.1.3',
30 silly addNameRange     '0.1.4',
30 silly addNameRange     '0.1.5',
30 silly addNameRange     '0.1.6',
30 silly addNameRange     '0.2.0',
30 silly addNameRange     '0.3.0',
30 silly addNameRange     '0.3.1',
30 silly addNameRange     '0.3.2',
30 silly addNameRange     '0.3.3',
30 silly addNameRange     '0.3.4',
30 silly addNameRange     '0.3.5',
30 silly addNameRange     '0.3.6',
30 silly addNameRange     '0.3.7',
30 silly addNameRange     '0.3.8',
30 silly addNameRange     '1.0.0',
30 silly addNameRange     '1.0.1',
30 silly addNameRange     '1.0.2',
30 silly addNameRange     '1.0.3',
30 silly addNameRange     '1.0.4',
30 silly addNameRange     '1.0.5',
30 silly addNameRange     '1.0.6',
30 silly addNameRange     '1.0.7',
30 silly addNameRange     '1.0.8',
30 silly addNameRange     '1.0.9',
30 silly addNameRange     '1.0.10',
30 silly addNameRange     '1.0.11',
30 silly addNameRange     '1.0.12',
30 silly addNameRange     '1.0.14',
30 silly addNameRange     '1.0.15',
30 silly addNameRange     '1.0.17',
30 silly addNameRange     '1.0.18-0',
30 silly addNameRange     '1.1.0',
30 silly addNameRange     '1.1.1' ] ]
31 verbose addNamed [ 'fsevents', '1.1.1' ]
32 verbose addNamed [ '1.1.1', '1.1.1' ]
33 silly lockFile a03fa89e-fsevents-1-1-1 fsevents@1.1.1
34 verbose lock fsevents@1.1.1 /root/.npm/a03fa89e-fsevents-1-1-1.lock
35 silly lockFile a03fa89e-fsevents-1-1-1 fsevents@1.1.1
36 silly lockFile a03fa89e-fsevents-1-1-1 fsevents@1.1.1
37 silly lockFile 436f77be-fsevents fsevents@
38 silly lockFile 436f77be-fsevents fsevents@
39 silly resolved [ { name: 'fsevents',
39 silly resolved     version: '1.1.1',
39 silly resolved     description: 'Native Access to Mac OS-X FSEvents',
39 silly resolved     main: 'fsevents.js',
39 silly resolved     dependencies: { nan: '^2.3.0', 'node-pre-gyp': '^0.6.29' },
39 silly resolved     os: [ 'darwin' ],
39 silly resolved     engines: { node: '>=0.8.0' },
39 silly resolved     scripts:
39 silly resolved      { install: 'node install',
39 silly resolved        prepublish: 'if [ $(npm -v | head -c 1) -lt 3 ]; then exit 1; fi && npm dedupe',
39 silly resolved        test: 'tap ./test' },
39 silly resolved     binary:
39 silly resolved      { module_name: 'fse',
39 silly resolved        module_path: './lib/binding/{configuration}/{node_abi}-{platform}-{arch}/',
39 silly resolved        remote_path: './v{version}/',
39 silly resolved        package_name: '{module_name}-v{version}-{node_abi}-{platform}-{arch}.tar.gz',
39 silly resolved        host: 'https://fsevents-binaries.s3-us-west-2.amazonaws.com' },
39 silly resolved     repository:
39 silly resolved      { type: 'git',
39 silly resolved        url: 'git+https://github.com/strongloop/fsevents.git' },
39 silly resolved     keywords: [ 'fsevents', 'mac' ],
39 silly resolved     author: { name: 'Philipp Dunkel', email: 'pip@pipobscure.com' },
39 silly resolved     license: 'MIT',
39 silly resolved     bugs: { url: 'https://github.com/strongloop/fsevents/issues' },
39 silly resolved     homepage: 'https://github.com/strongloop/fsevents',
39 silly resolved     devDependencies: { tap: '~0.4.8' },
39 silly resolved     gitHead: '907595cbd109bda2447bb52965836ff1296e94eb',
39 silly resolved     bundleDependencies: [ 'node-pre-gyp' ],
39 silly resolved     _id: 'fsevents@1.1.1',
39 silly resolved     _shasum: 'f19fd28f43eeaf761680e519a203c4d0b3d31aff',
39 silly resolved     _from: 'fsevents@',
39 silly resolved     _npmVersion: '3.10.9',
39 silly resolved     _nodeVersion: '6.9.2',
39 silly resolved     _npmUser: { name: 'es128', email: 'elan.shanker+npm@gmail.com' },
39 silly resolved     dist:
39 silly resolved      { shasum: 'f19fd28f43eeaf761680e519a203c4d0b3d31aff',
39 silly resolved        tarball: 'https://registry.npmjs.org/fsevents/-/fsevents-1.1.1.tgz' },
39 silly resolved     maintainers: [ [Object] ],
39 silly resolved     _npmOperationalInternal:
39 silly resolved      { host: 'packages-18-east.internal.npmjs.com',
39 silly resolved        tmp: 'tmp/fsevents-1.1.1.tgz_1487567885240_0.4353332635946572' },
39 silly resolved     directories: {},
39 silly resolved     _resolved: 'https://registry.npmjs.org/fsevents/-/fsevents-1.1.1.tgz',
39 silly resolved     readme: 'ERROR: No README data found!' } ]
40 info install fsevents@1.1.1 into /usr/local/lib
41 info installOne fsevents@1.1.1
42 error notsup Unsupported
42 error notsup Not compatible with your operating system or architecture: fsevents@1.1.1
42 error notsup Valid OS:    darwin
42 error notsup Valid Arch:  any
42 error notsup Actual OS:   linux
42 error notsup Actual Arch: arm
43 error System Linux 4.4.50-v7+
44 error command "/usr/bin/nodejs" "/usr/bin/npm" "install" "fsevents" "--global"
45 error cwd /home/pi/Programming/temp-and-humidity
46 error node -v v0.10.29
47 error npm -v 1.4.21
48 error code EBADPLATFORM
49 verbose exit [ 1, true ]
